<?xml version="1.0" encoding="UTF-8" ?>
<testsuite tests="2" failures="0" name="exemplo.jpa.test.AddressCrudTest" time="8.581" errors="2" skipped="0">
  <properties>
[...]
</properties>
  <testcase classname="exemplo.jpa.test.AddressCrudTest" name="exemplo.jpa.test.AddressCrudTest" time="0">
    <error message="Exception [EclipseLink-4002] (Eclipse Persistence Services - 2.6.5.v20170607-b3d05bd): org.eclipse.persistence.exceptions.DatabaseException
Internal Exception: java.sql.SQLException: Access denied for user &apos;root&apos;@&apos;localhost&apos; (using password: YES)
Error Code: 1045" type="javax.persistence.PersistenceException">javax.persistence.PersistenceException: Exception [EclipseLink-4002] (Eclipse Persistence Services - 2.6.5.v20170607-b3d05bd): org.eclipse.persistence.exceptions.DatabaseException
Internal Exception: java.sql.SQLException: Access denied for user &apos;root&apos;@&apos;localhost&apos; (using password: YES)
Error Code: 1045
	at org.eclipse.persistence.internal.jpa.EntityManagerSetupImpl.deploy(EntityManagerSetupImpl.java:818)
	at org.eclipse.persistence.internal.jpa.EntityManagerFactoryDelegate.getAbstractSession(EntityManagerFactoryDelegate.java:207)
	at org.eclipse.persistence.internal.jpa.EntityManagerFactoryDelegate.getDatabaseSession(EntityManagerFactoryDelegate.java:185)
	at org.eclipse.persistence.internal.jpa.EntityManagerFactoryImpl.getDatabaseSession(EntityManagerFactoryImpl.java:528)
	at org.eclipse.persistence.jpa.PersistenceProvider.createEntityManagerFactoryImpl(PersistenceProvider.java:150)
	at org.eclipse.persistence.jpa.PersistenceProvider.createEntityManagerFactory(PersistenceProvider.java:188)
	at javax.persistence.Persistence.createEntityManagerFactory(Persistence.java:79)
	at javax.persistence.Persistence.createEntityManagerFactory(Persistence.java:54)
	at exemplo.jpa.test.GenericTest.setUpClass(GenericTest.java:38)
	at sun.reflect.NativeMethodAccessorImpl.invoke0(Native Method)
	at sun.reflect.NativeMethodAccessorImpl.invoke(NativeMethodAccessorImpl.java:62)
	at sun.reflect.DelegatingMethodAccessorImpl.invoke(DelegatingMethodAccessorImpl.java:43)
	at java.lang.reflect.Method.invoke(Method.java:498)
	at org.junit.runners.model.FrameworkMethod$1.runReflectiveCall(FrameworkMethod.java:50)
	at org.junit.internal.runners.model.ReflectiveCallable.run(ReflectiveCallable.java:12)
	at org.junit.runners.model.FrameworkMethod.invokeExplosively(FrameworkMethod.java:47)
	at org.junit.internal.runners.statements.RunBefores.evaluate(RunBefores.java:24)
	at org.junit.internal.runners.statements.RunAfters.evaluate(RunAfters.java:27)
	at org.junit.runners.ParentRunner.run(ParentRunner.java:363)
	at org.apache.maven.surefire.junit4.JUnit4TestSet.execute(JUnit4TestSet.java:53)
	at org.apache.maven.surefire.junit4.JUnit4Provider.executeTestSet(JUnit4Provider.java:123)
	at org.apache.maven.surefire.junit4.JUnit4Provider.invoke(JUnit4Provider.java:104)
	at sun.reflect.NativeMethodAccessorImpl.invoke0(Native Method)
	at sun.reflect.NativeMethodAccessorImpl.invoke(NativeMethodAccessorImpl.java:62)
	at sun.reflect.DelegatingMethodAccessorImpl.invoke(DelegatingMethodAccessorImpl.java:43)
	at java.lang.reflect.Method.invoke(Method.java:498)
	at org.apache.maven.surefire.util.ReflectionUtils.invokeMethodWithArray(ReflectionUtils.java:164)
	at org.apache.maven.surefire.booter.ProviderFactory$ProviderProxy.invoke(ProviderFactory.java:110)
	at org.apache.maven.surefire.booter.SurefireStarter.invokeProvider(SurefireStarter.java:175)
	at org.apache.maven.surefire.booter.SurefireStarter.runSuitesInProcessWhenForked(SurefireStarter.java:107)
	at org.apache.maven.surefire.booter.ForkedBooter.main(ForkedBooter.java:68)
Caused by: Exception [EclipseLink-4002] (Eclipse Persistence Services - 2.6.5.v20170607-b3d05bd): org.eclipse.persistence.exceptions.DatabaseException
Internal Exception: java.sql.SQLException: Access denied for user &apos;root&apos;@&apos;localhost&apos; (using password: YES)
Error Code: 1045
	at org.eclipse.persistence.exceptions.DatabaseException.sqlException(DatabaseException.java:331)
	at org.eclipse.persistence.exceptions.DatabaseException.sqlException(DatabaseException.java:326)
	at org.eclipse.persistence.sessions.DefaultConnector.connect(DefaultConnector.java:138)
	at org.eclipse.persistence.sessions.DatasourceLogin.connectToDatasource(DatasourceLogin.java:162)
	at org.eclipse.persistence.internal.databaseaccess.DatasourceAccessor.connectInternal(DatasourceAccessor.java:346)
	at org.eclipse.persistence.internal.databaseaccess.DatabaseAccessor.connectInternal(DatabaseAccessor.java:309)
	at org.eclipse.persistence.internal.databaseaccess.DatasourceAccessor.connect(DatasourceAccessor.java:434)
	at org.eclipse.persistence.sessions.server.ConnectionPool.buildConnection(ConnectionPool.java:217)
	at org.eclipse.persistence.sessions.server.ConnectionPool.startUp(ConnectionPool.java:505)
	at org.eclipse.persistence.sessions.server.ServerSession.connect(ServerSession.java:488)
	at org.eclipse.persistence.internal.sessions.DatabaseSessionImpl.login(DatabaseSessionImpl.java:790)
	at org.eclipse.persistence.internal.jpa.EntityManagerFactoryProvider.login(EntityManagerFactoryProvider.java:267)
	at org.eclipse.persistence.internal.jpa.EntityManagerSetupImpl.deploy(EntityManagerSetupImpl.java:734)
	... 30 more
Caused by: java.sql.SQLException: Access denied for user &apos;root&apos;@&apos;localhost&apos; (using password: YES)
	at com.mysql.jdbc.SQLError.createSQLException(SQLError.java:996)
	at com.mysql.jdbc.MysqlIO.checkErrorPacket(MysqlIO.java:3887)
	at com.mysql.jdbc.MysqlIO.checkErrorPacket(MysqlIO.java:3823)
	at com.mysql.jdbc.MysqlIO.checkErrorPacket(MysqlIO.java:870)
	at com.mysql.jdbc.MysqlIO.proceedHandshakeWithPluggableAuthentication(MysqlIO.java:1659)
	at com.mysql.jdbc.MysqlIO.doHandshake(MysqlIO.java:1206)
	at com.mysql.jdbc.ConnectionImpl.coreConnect(ConnectionImpl.java:2234)
	at com.mysql.jdbc.ConnectionImpl.connectOneTryOnly(ConnectionImpl.java:2265)
	at com.mysql.jdbc.ConnectionImpl.createNewIO(ConnectionImpl.java:2064)
	at com.mysql.jdbc.ConnectionImpl.&lt;init&gt;(ConnectionImpl.java:790)
	at com.mysql.jdbc.JDBC4Connection.&lt;init&gt;(JDBC4Connection.java:44)
	at sun.reflect.NativeConstructorAccessorImpl.newInstance0(Native Method)
	at sun.reflect.NativeConstructorAccessorImpl.newInstance(NativeConstructorAccessorImpl.java:62)
	at sun.reflect.DelegatingConstructorAccessorImpl.newInstance(DelegatingConstructorAccessorImpl.java:45)
	at java.lang.reflect.Constructor.newInstance(Constructor.java:423)
	at com.mysql.jdbc.Util.handleNewInstance(Util.java:377)
	at com.mysql.jdbc.ConnectionImpl.getInstance(ConnectionImpl.java:395)
	at com.mysql.jdbc.NonRegisteringDriver.connect(NonRegisteringDriver.java:325)
	at java.sql.DriverManager.getConnection(DriverManager.java:664)
	at java.sql.DriverManager.getConnection(DriverManager.java:208)
	at org.eclipse.persistence.sessions.DefaultConnector.connect(DefaultConnector.java:98)
	... 40 more
</error>
    <system-out>[EL Fine]: server: 2019-09-10 15:53:20.891--Thread(Thread[main,5,main])--Configured server platform: org.eclipse.persistence.platform.server.NoServerPlatform
[EL Config]: metadata: 2019-09-10 15:53:21.636--ServerSession(26972915)--Thread(Thread[main,5,main])--The access type for the persistent class [class exemplo.jpa.User] is set to [FIELD].
[EL Config]: metadata: 2019-09-10 15:53:21.821--ServerSession(26972915)--Thread(Thread[main,5,main])--The target entity (reference) class for the one to one mapping element [field address] is being defaulted to: class exemplo.jpa.Address.
[EL Config]: metadata: 2019-09-10 15:53:21.843--ServerSession(26972915)--Thread(Thread[main,5,main])--The target entity (reference) class for the many to many mapping element [field projetos] is being defaulted to: class exemplo.jpa.Project.
[EL Config]: metadata: 2019-09-10 15:53:21.846--ServerSession(26972915)--Thread(Thread[main,5,main])--The target entity (reference) class for the one to many mapping element [field requests] is being defaulted to: class exemplo.jpa.Request.
[EL Config]: metadata: 2019-09-10 15:53:21.849--ServerSession(26972915)--Thread(Thread[main,5,main])--The target entity (reference) class for the one to one mapping element [field bank_Details] is being defaulted to: class exemplo.jpa.Bank_Details.
[EL Config]: metadata: 2019-09-10 15:53:21.85--ServerSession(26972915)--Thread(Thread[main,5,main])--The target entity (reference) class for the one to many mapping element [field itinerarys] is being defaulted to: class exemplo.jpa.Itinerary.
[EL Config]: metadata: 2019-09-10 15:53:21.852--ServerSession(26972915)--Thread(Thread[main,5,main])--The target entity (reference) class for the many to one mapping element [field user] is being defaulted to: class exemplo.jpa.User.
[EL Config]: metadata: 2019-09-10 15:53:21.852--ServerSession(26972915)--Thread(Thread[main,5,main])--The target entity (reference) class for the many to many mapping element [field users] is being defaulted to: class exemplo.jpa.User.
[EL Config]: metadata: 2019-09-10 15:53:21.853--ServerSession(26972915)--Thread(Thread[main,5,main])--The access type for the persistent class [class exemplo.jpa.ProjectCliente] is set to [FIELD].
[EL Config]: metadata: 2019-09-10 15:53:21.854--ServerSession(26972915)--Thread(Thread[main,5,main])--The target entity (reference) class for the many to one mapping element [field flight] is being defaulted to: class exemplo.jpa.Flight.
[EL Config]: metadata: 2019-09-10 15:53:21.854--ServerSession(26972915)--Thread(Thread[main,5,main])--The target entity (reference) class for the many to one mapping element [field agency] is being defaulted to: class exemplo.jpa.Agency.
[EL Config]: metadata: 2019-09-10 15:53:21.854--ServerSession(26972915)--Thread(Thread[main,5,main])--The target entity (reference) class for the many to one mapping element [field hotel] is being defaulted to: class exemplo.jpa.Hotel.
[EL Config]: metadata: 2019-09-10 15:53:21.854--ServerSession(26972915)--Thread(Thread[main,5,main])--The target entity (reference) class for the many to one mapping element [field itinerary] is being defaulted to: class exemplo.jpa.Itinerary.
[EL Config]: metadata: 2019-09-10 15:53:21.855--ServerSession(26972915)--Thread(Thread[main,5,main])--The target entity (reference) class for the many to one mapping element [field request] is being defaulted to: class exemplo.jpa.Request.
[EL Config]: metadata: 2019-09-10 15:53:21.856--ServerSession(26972915)--Thread(Thread[main,5,main])--The target entity (reference) class for the one to many mapping element [field quotes] is being defaulted to: class exemplo.jpa.Quote.
[EL Config]: metadata: 2019-09-10 15:53:21.856--ServerSession(26972915)--Thread(Thread[main,5,main])--The target entity (reference) class for the one to one mapping element [field address] is being defaulted to: class exemplo.jpa.Address.
[EL Config]: metadata: 2019-09-10 15:53:21.856--ServerSession(26972915)--Thread(Thread[main,5,main])--The target entity (reference) class for the one to many mapping element [field quotes] is being defaulted to: class exemplo.jpa.Quote.
[EL Config]: metadata: 2019-09-10 15:53:21.857--ServerSession(26972915)--Thread(Thread[main,5,main])--The access type for the persistent class [class exemplo.jpa.InternalProject] is set to [FIELD].
[EL Config]: metadata: 2019-09-10 15:53:21.857--ServerSession(26972915)--Thread(Thread[main,5,main])--The target entity (reference) class for the one to many mapping element [field quotes] is being defaulted to: class exemplo.jpa.Quote.
[EL Config]: metadata: 2019-09-10 15:53:21.857--ServerSession(26972915)--Thread(Thread[main,5,main])--The target entity (reference) class for the one to one mapping element [field address] is being defaulted to: class exemplo.jpa.Address.
[EL Config]: metadata: 2019-09-10 15:53:21.858--ServerSession(26972915)--Thread(Thread[main,5,main])--The target entity (reference) class for the one to many mapping element [field quotes] is being defaulted to: class exemplo.jpa.Quote.
[EL Config]: metadata: 2019-09-10 15:53:21.858--ServerSession(26972915)--Thread(Thread[main,5,main])--The alias name for the entity class [class exemplo.jpa.User] is being defaulted to: User.
[EL Config]: metadata: 2019-09-10 15:53:21.94--ServerSession(26972915)--Thread(Thread[main,5,main])--The column name for element [id] is being defaulted to: ID.
[EL Config]: metadata: 2019-09-10 15:53:21.941--ServerSession(26972915)--Thread(Thread[main,5,main])--The alias name for the entity class [class exemplo.jpa.Request] is being defaulted to: Request.
[EL Config]: metadata: 2019-09-10 15:53:21.941--ServerSession(26972915)--Thread(Thread[main,5,main])--The table name for entity [class exemplo.jpa.Request] is being defaulted to: REQUEST.
[EL Config]: metadata: 2019-09-10 15:53:21.943--ServerSession(26972915)--Thread(Thread[main,5,main])--The column name for element [id] is being defaulted to: ID.
[EL Config]: metadata: 2019-09-10 15:53:21.943--ServerSession(26972915)--Thread(Thread[main,5,main])--The alias name for the entity class [class exemplo.jpa.ProjectCliente] is being defaulted to: ProjectCliente.
[EL Config]: metadata: 2019-09-10 15:53:21.943--ServerSession(26972915)--Thread(Thread[main,5,main])--The alias name for the entity class [class exemplo.jpa.Project] is being defaulted to: Project.
[EL Config]: metadata: 2019-09-10 15:53:21.946--ServerSession(26972915)--Thread(Thread[main,5,main])--The column name for element [id] is being defaulted to: ID.
[EL Config]: metadata: 2019-09-10 15:53:21.947--ServerSession(26972915)--Thread(Thread[main,5,main])--The alias name for the entity class [class exemplo.jpa.Bank_Details] is being defaulted to: Bank_Details.
[EL Config]: metadata: 2019-09-10 15:53:21.947--ServerSession(26972915)--Thread(Thread[main,5,main])--The table name for entity [class exemplo.jpa.Bank_Details] is being defaulted to: BANK_DETAILS.
[EL Config]: metadata: 2019-09-10 15:53:21.948--ServerSession(26972915)--Thread(Thread[main,5,main])--The column name for element [id] is being defaulted to: ID.
[EL Config]: metadata: 2019-09-10 15:53:21.948--ServerSession(26972915)--Thread(Thread[main,5,main])--The alias name for the entity class [class exemplo.jpa.Quote] is being defaulted to: Quote.
[EL Config]: metadata: 2019-09-10 15:53:21.948--ServerSession(26972915)--Thread(Thread[main,5,main])--The table name for entity [class exemplo.jpa.Quote] is being defaulted to: QUOTE.
[EL Config]: metadata: 2019-09-10 15:53:21.948--ServerSession(26972915)--Thread(Thread[main,5,main])--The column name for element [id] is being defaulted to: ID.
[EL Config]: metadata: 2019-09-10 15:53:21.949--ServerSession(26972915)--Thread(Thread[main,5,main])--The alias name for the entity class [class exemplo.jpa.Address] is being defaulted to: Address.
[EL Config]: metadata: 2019-09-10 15:53:21.949--ServerSession(26972915)--Thread(Thread[main,5,main])--The table name for entity [class exemplo.jpa.Address] is being defaulted to: ADDRESS.
[EL Config]: metadata: 2019-09-10 15:53:21.949--ServerSession(26972915)--Thread(Thread[main,5,main])--The column name for element [id] is being defaulted to: ID.
[EL Config]: metadata: 2019-09-10 15:53:21.949--ServerSession(26972915)--Thread(Thread[main,5,main])--The alias name for the entity class [class exemplo.jpa.Itinerary] is being defaulted to: Itinerary.
[EL Config]: metadata: 2019-09-10 15:53:21.95--ServerSession(26972915)--Thread(Thread[main,5,main])--The table name for entity [class exemplo.jpa.Itinerary] is being defaulted to: ITINERARY.
[EL Config]: metadata: 2019-09-10 15:53:21.95--ServerSession(26972915)--Thread(Thread[main,5,main])--The column name for element [id] is being defaulted to: ID.
[EL Config]: metadata: 2019-09-10 15:53:21.95--ServerSession(26972915)--Thread(Thread[main,5,main])--The alias name for the entity class [class exemplo.jpa.Agency] is being defaulted to: Agency.
[EL Config]: metadata: 2019-09-10 15:53:21.95--ServerSession(26972915)--Thread(Thread[main,5,main])--The table name for entity [class exemplo.jpa.Agency] is being defaulted to: AGENCY.
[EL Config]: metadata: 2019-09-10 15:53:21.95--ServerSession(26972915)--Thread(Thread[main,5,main])--The column name for element [Id] is being defaulted to: ID.
[EL Config]: metadata: 2019-09-10 15:53:21.951--ServerSession(26972915)--Thread(Thread[main,5,main])--The alias name for the entity class [class exemplo.jpa.InternalProject] is being defaulted to: InternalProject.
[EL Config]: metadata: 2019-09-10 15:53:21.951--ServerSession(26972915)--Thread(Thread[main,5,main])--The alias name for the entity class [class exemplo.jpa.Flight] is being defaulted to: Flight.
[EL Config]: metadata: 2019-09-10 15:53:21.951--ServerSession(26972915)--Thread(Thread[main,5,main])--The table name for entity [class exemplo.jpa.Flight] is being defaulted to: FLIGHT.
[EL Config]: metadata: 2019-09-10 15:53:21.952--ServerSession(26972915)--Thread(Thread[main,5,main])--The column name for element [id] is being defaulted to: ID.
[EL Config]: metadata: 2019-09-10 15:53:21.952--ServerSession(26972915)--Thread(Thread[main,5,main])--The alias name for the entity class [class exemplo.jpa.Hotel] is being defaulted to: Hotel.
[EL Config]: metadata: 2019-09-10 15:53:21.952--ServerSession(26972915)--Thread(Thread[main,5,main])--The table name for entity [class exemplo.jpa.Hotel] is being defaulted to: HOTEL.
[EL Config]: metadata: 2019-09-10 15:53:21.952--ServerSession(26972915)--Thread(Thread[main,5,main])--The column name for element [id] is being defaulted to: ID.
[EL Config]: metadata: 2019-09-10 15:53:22.067--ServerSession(26972915)--Thread(Thread[main,5,main])--The source primary key column name for the many to many mapping [field projetos] is being defaulted to: ID.
[EL Config]: metadata: 2019-09-10 15:53:22.067--ServerSession(26972915)--Thread(Thread[main,5,main])--The target primary key column name for the many to many mapping [field projetos] is being defaulted to: ID.
[EL Info]: 2019-09-10 15:53:24.019--ServerSession(26972915)--Thread(Thread[main,5,main])--EclipseLink, version: Eclipse Persistence Services - 2.6.5.v20170607-b3d05bd
[EL Config]: connection: 2019-09-10 15:53:24.026--ServerSession(26972915)--Connection(7153580)--Thread(Thread[main,5,main])--connecting(DatabaseLogin(
	platform=&gt;MySQLPlatform
	user name=&gt; &quot;root&quot;
	datasource URL=&gt; &quot;jdbc:mysql://localhost:3306/truetravel&quot;
))
[EL Severe]: 2019-09-10 15:53:25.807--ServerSession(26972915)--Thread(Thread[main,5,main])--Exception [EclipseLink-4002] (Eclipse Persistence Services - 2.6.5.v20170607-b3d05bd): org.eclipse.persistence.exceptions.DatabaseException
Internal Exception: java.sql.SQLException: Access denied for user &apos;root&apos;@&apos;localhost&apos; (using password: YES)
Error Code: 1045
[EL Severe]: ejb: 2019-09-10 15:53:25.809--ServerSession(26972915)--Thread(Thread[main,5,main])--Exception [EclipseLink-4002] (Eclipse Persistence Services - 2.6.5.v20170607-b3d05bd): org.eclipse.persistence.exceptions.DatabaseException
Internal Exception: java.sql.SQLException: Access denied for user &apos;root&apos;@&apos;localhost&apos; (using password: YES)
Error Code: 1045
</system-out>
  </testcase>
  <testcase classname="exemplo.jpa.test.AddressCrudTest" name="exemplo.jpa.test.AddressCrudTest" time="0.002">
    <error type="java.lang.NullPointerException">java.lang.NullPointerException
	at exemplo.jpa.test.GenericTest.tearDownClass(GenericTest.java:44)
	at sun.reflect.NativeMethodAccessorImpl.invoke0(Native Method)
	at sun.reflect.NativeMethodAccessorImpl.invoke(NativeMethodAccessorImpl.java:62)
	at sun.reflect.DelegatingMethodAccessorImpl.invoke(DelegatingMethodAccessorImpl.java:43)
	at java.lang.reflect.Method.invoke(Method.java:498)
	at org.junit.runners.model.FrameworkMethod$1.runReflectiveCall(FrameworkMethod.java:50)
	at org.junit.internal.runners.model.ReflectiveCallable.run(ReflectiveCallable.java:12)
	at org.junit.runners.model.FrameworkMethod.invokeExplosively(FrameworkMethod.java:47)
	at org.junit.internal.runners.statements.RunAfters.evaluate(RunAfters.java:33)
	at org.junit.runners.ParentRunner.run(ParentRunner.java:363)
	at org.apache.maven.surefire.junit4.JUnit4TestSet.execute(JUnit4TestSet.java:53)
	at org.apache.maven.surefire.junit4.JUnit4Provider.executeTestSet(JUnit4Provider.java:123)
	at org.apache.maven.surefire.junit4.JUnit4Provider.invoke(JUnit4Provider.java:104)
	at sun.reflect.NativeMethodAccessorImpl.invoke0(Native Method)
	at sun.reflect.NativeMethodAccessorImpl.invoke(NativeMethodAccessorImpl.java:62)
	at sun.reflect.DelegatingMethodAccessorImpl.invoke(DelegatingMethodAccessorImpl.java:43)
	at java.lang.reflect.Method.invoke(Method.java:498)
	at org.apache.maven.surefire.util.ReflectionUtils.invokeMethodWithArray(ReflectionUtils.java:164)
	at org.apache.maven.surefire.booter.ProviderFactory$ProviderProxy.invoke(ProviderFactory.java:110)
	at org.apache.maven.surefire.booter.SurefireStarter.invokeProvider(SurefireStarter.java:175)
	at org.apache.maven.surefire.booter.SurefireStarter.runSuitesInProcessWhenForked(SurefireStarter.java:107)
	at org.apache.maven.surefire.booter.ForkedBooter.main(ForkedBooter.java:68)
</error>
  </testcase>
</testsuite>